<?xml version="1.0" encoding="UTF-8"?>
<!-- Generated by org.testng.reporters.JUnitReportReporter -->
<testsuite skipped="0" hostname="LAPTOP-OAS5Q4RE" name="com.test.GetApiTest" tests="1" failures="0" timestamp="04 Nov 2019 07:41:53 GMT" time="4.009" errors="0">
  <testcase name="getAPITestwithheaders" time="4.009" classname="com.test.GetApiTest"/>
</testsuite> <!-- com.test.GetApiTest -->
